This file contains any messages produced by compilers while
running configure, to aid debugging if configure makes a mistake.

It was created by configure, which was
generated by GNU Autoconf 2.69.  Invocation command line was

  $ ./configure --prefix /root/.opam/default --with-no-plugin

## --------- ##
## Platform. ##
## --------- ##

hostname = 01HW1188459
uname -m = x86_64
uname -r = 4.10.0-28-generic
uname -s = Linux
uname -v = #32~16.04.2-Ubuntu SMP Thu Jul 20 10:19:48 UTC 2017

/usr/bin/uname -p = unknown
/bin/uname -X     = unknown

/bin/arch              = unknown
/usr/bin/arch -k       = unknown
/usr/convex/getsysinfo = unknown
/usr/bin/hostinfo      = unknown
/bin/machine           = unknown
/usr/bin/oslevel       = unknown
/bin/universe          = unknown

PATH: /root/.opam/default/bin
PATH: /usr/local/sbin
PATH: /usr/local/bin
PATH: /usr/sbin
PATH: /usr/bin
PATH: /sbin
PATH: /bin
PATH: /snap/bin
PATH: /snap/bin


## ----------- ##
## Core tests. ##
## ----------- ##

configure:2295: ******************
configure:2297: * CONFIGURE MAKE *
configure:2299: ******************
configure:2589: checking for make
configure:2605: found /usr/bin/make
configure:2616: result: make
configure:2624: checking version of make
configure:2629: result: 4.1
configure:2295: *****************************
configure:2297: * CONFIGURE OCAML COMPILERS *
configure:2299: *****************************
configure:2670: checking for ocamlc
configure:2686: found /root/.opam/default/bin/ocamlc
configure:2698: result: ocamlc
configure:2712: checking version of OCaml
configure:2715: result: 4.07.0
configure:2743: checking OCaml library path
configure:2746: result: /root/.opam/default/lib/ocaml
configure:2754: checking for ocamlopt
configure:2770: found /root/.opam/default/bin/ocamlopt
configure:2782: result: ocamlopt
configure:2795: checking ocamlopt version and standard library
configure:2804: result: ok
configure:2821: result: native dynlink works fine. Great.
configure:2845: checking for ocamlfind
configure:2861: found /root/.opam/default/bin/ocamlfind
configure:2873: result: ocamlfind
configure:2912: Distribution mode: all warnings are deactivated
configure:2295: *******************************************
configure:2297: * CONFIGURE MANDATORY TOOLS AND LIBRARIES *
configure:2299: *******************************************
configure:2925: checking for ocamldep
configure:2941: found /root/.opam/default/bin/ocamldep
configure:2953: result: ocamldep
configure:2970: checking for ocamllex
configure:2986: found /root/.opam/default/bin/ocamllex
configure:2998: result: ocamllex
configure:3011: checking for ocamllex.opt
configure:3027: found /root/.opam/default/bin/ocamllex.opt
configure:3039: result: ocamllex.opt
configure:3055: checking for ocamlyacc
configure:3071: found /root/.opam/default/bin/ocamlyacc
configure:3083: result: ocamlyacc
configure:3098: checking for ocamlcp
configure:3114: found /root/.opam/default/bin/ocamlcp
configure:3126: result: ocamlcp
configure:3143: checking for ocamlgraph
configure:3163: result: found 1.8.8: should work
configure:3170: checking for zarith
configure:3177: result: found
configure:2295: ******************************************
configure:2297: * CONFIGURE OPTIONAL TOOLS AND LIBRARIES *
configure:2299: ******************************************
configure:3189: checking for ocamldoc
configure:3205: found /root/.opam/default/bin/ocamldoc
configure:3217: result: ocamldoc
configure:3234: checking for ocamlmktop
configure:3250: found /root/.opam/default/bin/ocamlmktop
configure:3262: result: ocamlmktop
configure:3279: checking for otags
configure:3309: result: no
configure:3318: checking for Yojson
configure:3328: result: yojson not found. Kernel option -json-compilation-database won't be available.
configure:3336: checking for Apron
configure:3346: result: not found. The corresponding domains won't be available in Eva
configure:3362: checking for Landmarks
configure:3372: result: not found.
configure:2295: **********************
configure:2297: * CONFIGURE PLATFORM *
configure:2299: **********************
configure:3387: checking platform
configure:3447: result: Unix
configure:3454: checking OCaml native threads
configure:3461: result: ok.
configure:3537: checking for gcc
configure:3553: found /usr/bin/gcc
configure:3564: result: gcc
configure:3793: checking for C compiler version
configure:3802: gcc --version >&5
gcc (Ubuntu 5.4.0-6ubuntu1~16.04.10) 5.4.0 20160609
Copyright (C) 2015 Free Software Foundation, Inc.
This is free software; see the source for copying conditions.  There is NO
warranty; not even for MERCHANTABILITY or FITNESS FOR A PARTICULAR PURPOSE.

configure:3813: $? = 0
configure:3802: gcc -v >&5
Using built-in specs.
COLLECT_GCC=gcc
COLLECT_LTO_WRAPPER=/usr/lib/gcc/x86_64-linux-gnu/5/lto-wrapper
Target: x86_64-linux-gnu
Configured with: ../src/configure -v --with-pkgversion='Ubuntu 5.4.0-6ubuntu1~16.04.10' --with-bugurl=file:///usr/share/doc/gcc-5/README.Bugs --enable-languages=c,ada,c++,java,go,d,fortran,objc,obj-c++ --prefix=/usr --program-suffix=-5 --enable-shared --enable-linker-build-id --libexecdir=/usr/lib --without-included-gettext --enable-threads=posix --libdir=/usr/lib --enable-nls --with-sysroot=/ --enable-clocale=gnu --enable-libstdcxx-debug --enable-libstdcxx-time=yes --with-default-libstdcxx-abi=new --enable-gnu-unique-object --disable-vtable-verify --enable-libmpx --enable-plugin --with-system-zlib --disable-browser-plugin --enable-java-awt=gtk --enable-gtk-cairo --with-java-home=/usr/lib/jvm/java-1.5.0-gcj-5-amd64/jre --enable-java-home --with-jvm-root-dir=/usr/lib/jvm/java-1.5.0-gcj-5-amd64 --with-jvm-jar-dir=/usr/lib/jvm-exports/java-1.5.0-gcj-5-amd64 --with-arch-directory=amd64 --with-ecj-jar=/usr/share/java/eclipse-ecj.jar --enable-objc-gc --enable-multiarch --disable-werror --with-arch-32=i686 --with-abi=m64 --with-multilib-list=m32,m64,mx32 --enable-multilib --with-tune=generic --enable-checking=release --build=x86_64-linux-gnu --host=x86_64-linux-gnu --target=x86_64-linux-gnu
Thread model: posix
gcc version 5.4.0 20160609 (Ubuntu 5.4.0-6ubuntu1~16.04.10) 
configure:3813: $? = 0
configure:3802: gcc -V >&5
gcc: error: unrecognized command line option '-V'
gcc: fatal error: no input files
compilation terminated.
configure:3813: $? = 1
configure:3802: gcc -qversion >&5
gcc: error: unrecognized command line option '-qversion'
gcc: fatal error: no input files
compilation terminated.
configure:3813: $? = 1
configure:3833: checking whether the C compiler works
configure:3855: gcc    conftest.c  >&5
configure:3859: $? = 0
configure:3907: result: yes
configure:3910: checking for C compiler default output file name
configure:3912: result: a.out
configure:3918: checking for suffix of executables
configure:3925: gcc -o conftest    conftest.c  >&5
configure:3929: $? = 0
configure:3951: result: 
configure:3973: checking whether we are cross compiling
configure:3981: gcc -o conftest    conftest.c  >&5
configure:3985: $? = 0
configure:3992: ./conftest
configure:3996: $? = 0
configure:4011: result: no
configure:4016: checking for suffix of object files
configure:4038: gcc -c   conftest.c >&5
configure:4042: $? = 0
configure:4063: result: o
configure:4067: checking whether we are using the GNU C compiler
configure:4086: gcc -c   conftest.c >&5
configure:4086: $? = 0
configure:4095: result: yes
configure:4104: checking whether gcc accepts -g
configure:4124: gcc -c -g  conftest.c >&5
configure:4124: $? = 0
configure:4165: result: yes
configure:4182: checking for gcc option to accept ISO C89
configure:4245: gcc  -c -g -O2  conftest.c >&5
configure:4245: $? = 0
configure:4258: result: none needed
configure:4285: checking how to run the C preprocessor
configure:4316: gcc -E  conftest.c
configure:4316: $? = 0
configure:4330: gcc -E  conftest.c
conftest.c:9:28: fatal error: ac_nonexistent.h: No such file or directory
compilation terminated.
configure:4330: $? = 1
configure: failed program was:
| /* confdefs.h */
| #define PACKAGE_NAME ""
| #define PACKAGE_TARNAME ""
| #define PACKAGE_VERSION ""
| #define PACKAGE_STRING ""
| #define PACKAGE_BUGREPORT ""
| #define PACKAGE_URL ""
| /* end confdefs.h.  */
| #include <ac_nonexistent.h>
configure:4355: result: gcc -E
configure:4375: gcc -E  conftest.c
configure:4375: $? = 0
configure:4389: gcc -E  conftest.c
conftest.c:9:28: fatal error: ac_nonexistent.h: No such file or directory
compilation terminated.
configure:4389: $? = 1
configure: failed program was:
| /* confdefs.h */
| #define PACKAGE_NAME ""
| #define PACKAGE_TARNAME ""
| #define PACKAGE_VERSION ""
| #define PACKAGE_STRING ""
| #define PACKAGE_BUGREPORT ""
| #define PACKAGE_URL ""
| /* end confdefs.h.  */
| #include <ac_nonexistent.h>
configure:4418: checking for grep that handles long lines and -e
configure:4476: result: /bin/grep
configure:4481: checking for egrep
configure:4543: result: /bin/grep -E
configure:4548: checking for ANSI C header files
configure:4568: gcc -c -g -O2  conftest.c >&5
configure:4568: $? = 0
configure:4641: gcc -o conftest -g -O2   conftest.c  >&5
configure:4641: $? = 0
configure:4641: ./conftest
configure:4641: $? = 0
configure:4652: result: yes
configure:4665: checking for sys/types.h
configure:4665: gcc -c -g -O2  conftest.c >&5
configure:4665: $? = 0
configure:4665: result: yes
configure:4665: checking for sys/stat.h
configure:4665: gcc -c -g -O2  conftest.c >&5
configure:4665: $? = 0
configure:4665: result: yes
configure:4665: checking for stdlib.h
configure:4665: gcc -c -g -O2  conftest.c >&5
configure:4665: $? = 0
configure:4665: result: yes
configure:4665: checking for string.h
configure:4665: gcc -c -g -O2  conftest.c >&5
configure:4665: $? = 0
configure:4665: result: yes
configure:4665: checking for memory.h
configure:4665: gcc -c -g -O2  conftest.c >&5
configure:4665: $? = 0
configure:4665: result: yes
configure:4665: checking for strings.h
configure:4665: gcc -c -g -O2  conftest.c >&5
configure:4665: $? = 0
configure:4665: result: yes
configure:4665: checking for inttypes.h
configure:4665: gcc -c -g -O2  conftest.c >&5
configure:4665: $? = 0
configure:4665: result: yes
configure:4665: checking for stdint.h
configure:4665: gcc -c -g -O2  conftest.c >&5
configure:4665: $? = 0
configure:4665: result: yes
configure:4665: checking for unistd.h
configure:4665: gcc -c -g -O2  conftest.c >&5
configure:4665: $? = 0
configure:4665: result: yes
configure:4679: checking for stdlib.h
configure:4679: result: yes
configure:4691: checking assert.h usability
configure:4691: gcc -c -g -O2  conftest.c >&5
configure:4691: $? = 0
configure:4691: result: yes
configure:4691: checking assert.h presence
configure:4691: gcc -E  conftest.c
configure:4691: $? = 0
configure:4691: result: yes
configure:4691: checking for assert.h
configure:4691: result: yes
configure:4703: checking float.h usability
configure:4703: gcc -c -g -O2  conftest.c >&5
configure:4703: $? = 0
configure:4703: result: yes
configure:4703: checking float.h presence
configure:4703: gcc -E  conftest.c
configure:4703: $? = 0
configure:4703: result: yes
configure:4703: checking for float.h
configure:4703: result: yes
configure:4715: checking math.h usability
configure:4715: gcc -c -g -O2  conftest.c >&5
configure:4715: $? = 0
configure:4715: result: yes
configure:4715: checking math.h presence
configure:4715: gcc -E  conftest.c
configure:4715: $? = 0
configure:4715: result: yes
configure:4715: checking for math.h
configure:4715: result: yes
configure:4728: checking signal.h usability
configure:4728: gcc -c -g -O2  conftest.c >&5
configure:4728: $? = 0
configure:4728: result: yes
configure:4728: checking signal.h presence
configure:4728: gcc -E  conftest.c
configure:4728: $? = 0
configure:4728: result: yes
configure:4728: checking for signal.h
configure:4728: result: yes
configure:4741: checking for unistd.h
configure:4741: result: yes
configure:4926: checking how to run the C preprocessor
configure:4996: result: gcc -E
configure:5016: gcc -E  conftest.c
configure:5016: $? = 0
configure:5030: gcc -E  conftest.c
conftest.c:25:28: fatal error: ac_nonexistent.h: No such file or directory
compilation terminated.
configure:5030: $? = 1
configure: failed program was:
| /* confdefs.h */
| #define PACKAGE_NAME ""
| #define PACKAGE_TARNAME ""
| #define PACKAGE_VERSION ""
| #define PACKAGE_STRING ""
| #define PACKAGE_BUGREPORT ""
| #define PACKAGE_URL ""
| #define STDC_HEADERS 1
| #define HAVE_SYS_TYPES_H 1
| #define HAVE_SYS_STAT_H 1
| #define HAVE_STDLIB_H 1
| #define HAVE_STRING_H 1
| #define HAVE_MEMORY_H 1
| #define HAVE_STRINGS_H 1
| #define HAVE_INTTYPES_H 1
| #define HAVE_STDINT_H 1
| #define HAVE_UNISTD_H 1
| #define HAVE_STDLIB_H 1
| #define HAVE_ASSERT_H 1
| #define HAVE_FLOAT_H 1
| #define HAVE_MATH_H 1
| #define HAVE_SIGNAL_H 1
| #define HAVE_UNISTD_H 1
| /* end confdefs.h.  */
| #include <ac_nonexistent.h>
configure:5082: gcc -E -C -I. conftest.c
configure:5082: $? = 0
configure:5122: result: Default preprocessor is 'gcc -E -C -I.'.
configure:5140: gcc -E -C -I. -m32 conftest.c
configure:5140: $? = 0
configure:5153: gcc -E -C -I. -m64 conftest.c
configure:5153: $? = 0
configure:5166: gcc -E -C -I. -m16 conftest.c
configure:5166: $? = 0
configure:5176: result: Default preprocessor supported architecture-related options: \"-m32\"; \"-m64\"; \"-m16\"; 
configure:2295: ***************************
configure:2297: * WISHED FRAMA-C PLUG-INS *
configure:2299: ***************************
configure:5243: checking for src/plugins/callgraph
configure:5256: result: yes
configure:5344: checking for src/plugins/constant_propagation
configure:5357: result: yes
configure:5429: checking for src/plugins/from
configure:5442: result: yes
configure:5525: checking for src/plugins/gui
configure:5538: result: yes
configure:5619: checking for src/plugins/impact
configure:5632: result: yes
configure:5748: checking for src/plugins/inout
configure:5761: result: yes
configure:5854: checking for src/plugins/metrics
configure:5867: result: yes
configure:5949: checking for src/plugins/occurrence
configure:5962: result: yes
configure:6044: checking for src/plugins/pdg
configure:6057: result: yes
configure:6150: checking for src/plugins/postdominators
configure:6163: result: yes
configure:6223: checking for src/plugins/rte
configure:6236: result: yes
configure:6296: checking for src/plugins/scope
configure:6309: result: yes
configure:6424: checking for src/plugins/slicing
configure:6437: result: yes
configure:6552: checking for src/plugins/sparecode
configure:6565: result: yes
configure:6647: checking for src/plugins/users
configure:6660: result: yes
configure:6742: checking for src/plugins/value
configure:6755: result: yes
configure:6920: checking for src/plugins/aorai/Makefile.in
configure:6933: result: yes
configure:7122: checking for src/plugins/e-acsl/Makefile.in
configure:7135: result: yes
configure:7201: checking for uname
configure:7217: found /bin/uname
configure:7229: result: uname
configure:8765: checking for src/plugins/loop_analysis/Makefile.in
configure:8778: result: yes
configure:8899: checking for src/plugins/nonterm/Makefile.in
configure:8912: result: yes
configure:9040: checking for src/plugins/obfuscator/Makefile.in
configure:9053: result: yes
configure:9139: checking for src/plugins/print_api
configure:9152: result: yes
configure:9222: checking for src/plugins/qed
configure:9235: result: yes
configure:9339: checking for src/plugins/report/Makefile.in
configure:9352: result: yes
configure:9470: checking for src/plugins/security_slicing/Makefile.in
configure:9483: result: yes
configure:9609: checking for src/plugins/studia
configure:9622: result: yes
configure:9739: checking for src/plugins/variadic/Makefile.in
configure:9752: result: yes
configure:9868: checking for src/plugins/wp/Makefile.in
configure:9881: result: yes
configure:2295: *******************************************************
configure:2297: * CONFIGURE TOOLS AND LIBRARIES USED BY SOME PLUG-INS *
configure:2299: *******************************************************
configure:10029: checking for /root/.opam/default/lib/ocaml/lablgtk2/lablgtksourceview2.cmxa
configure:10043: result: no
configure:10087: checking for /root/.opam/default/lib/ocaml/lablgtk2/lablgnomecanvas.cmxa
configure:10101: result: no
configure:10145: checking for /root/.opam/default/lib/ocaml/lablgtk2/lablgtk.cmxa
configure:10159: result: no
configure:10203: checking for dot
configure:10219: found /usr/bin/dot
configure:10231: result: yes
configure:2295: *************************************
configure:2297: * CHECKING FOR PLUG-IN DEPENDENCIES *
configure:2299: *************************************
configure:10475: WARNING: lablgtksourceview2.cmxa not found
configure:10510: WARNING: lablgnomecanvas.cmxa not found
configure:10545: WARNING: /root/.opam/default/lib/ocaml/lablgtk2/lablgtk.cmxa not found.
configure:2295: *********************
configure:2297: * CREATING MAKEFILE *
configure:2299: *********************
configure:10825: creating ./config.status

## ---------------------- ##
## Running config.status. ##
## ---------------------- ##

This file was extended by config.status, which was
generated by GNU Autoconf 2.69.  Invocation command line was

  CONFIG_FILES    = 
  CONFIG_HEADERS  = 
  CONFIG_LINKS    = 
  CONFIG_COMMANDS = 
  $ ./config.status 

on 01HW1188459

config.status:908: creating src/plugins/loop_analysis/Makefile
config.status:908: creating src/plugins/nonterm/Makefile
config.status:908: creating src/plugins/obfuscator/Makefile
config.status:908: creating src/plugins/report/Makefile
config.status:908: creating src/plugins/variadic/Makefile
config.status:908: creating src/plugins/aorai/Makefile
config.status:908: creating src/plugins/security_slicing/Makefile
config.status:908: creating src/plugins/wp/Makefile
config.status:908: creating share/Makefile.config
configure:2295: *******************************
configure:2297: * SUMMARY: PLUG-INS AVAILABLE *
configure:2299: *******************************
configure:12030: callgraph: no
configure:12030: semantic_constant_folding: no
configure:12030: from_analysis: no
configure:12030: gui: no
configure:12030: impact: no
configure:12030: inout: no
configure:12030: metrics: no
configure:12030: occurrence: no
configure:12030: pdg: no
configure:12030: postdominators: no
configure:12030: rtegen: no
configure:12030: scope: no
configure:12030: slicing: no
configure:12030: sparecode: no
configure:12030: users: no
configure:12030: value_analysis: no
configure:12030: aorai: no
configure:12030: e_acsl: no
configure:12030: loop_analysis: no
configure:12030: nonterm: no
configure:12030: obfuscator: no
configure:12030: print_api: no
configure:12030: qed: no
configure:12030: report: no
configure:12030: security_slicing: no
configure:12030: studia: no
configure:12030: variadic: no
configure:12030: wp: no

## ---------------- ##
## Cache variables. ##
## ---------------- ##

ac_cv_c_compiler_gnu=yes
ac_cv_env_CC_set=
ac_cv_env_CC_value=
ac_cv_env_CFLAGS_set=
ac_cv_env_CFLAGS_value=
ac_cv_env_CPPFLAGS_set=
ac_cv_env_CPPFLAGS_value=
ac_cv_env_CPP_set=
ac_cv_env_CPP_value=
ac_cv_env_LDFLAGS_set=
ac_cv_env_LDFLAGS_value=
ac_cv_env_LIBS_set=
ac_cv_env_LIBS_value=
ac_cv_env_build_alias_set=
ac_cv_env_build_alias_value=
ac_cv_env_host_alias_set=
ac_cv_env_host_alias_value=
ac_cv_env_target_alias_set=
ac_cv_env_target_alias_value=
ac_cv_file__root__opam_default_lib_ocaml_lablgtk2_lablgnomecanvas_cmxa=no
ac_cv_file__root__opam_default_lib_ocaml_lablgtk2_lablgtk_cmxa=no
ac_cv_file__root__opam_default_lib_ocaml_lablgtk2_lablgtksourceview2_cmxa=no
ac_cv_file_src_plugins_aorai_Makefile_in=yes
ac_cv_file_src_plugins_callgraph=yes
ac_cv_file_src_plugins_constant_propagation=yes
ac_cv_file_src_plugins_e_acsl_Makefile_in=yes
ac_cv_file_src_plugins_from=yes
ac_cv_file_src_plugins_gui=yes
ac_cv_file_src_plugins_impact=yes
ac_cv_file_src_plugins_inout=yes
ac_cv_file_src_plugins_loop_analysis_Makefile_in=yes
ac_cv_file_src_plugins_metrics=yes
ac_cv_file_src_plugins_nonterm_Makefile_in=yes
ac_cv_file_src_plugins_obfuscator_Makefile_in=yes
ac_cv_file_src_plugins_occurrence=yes
ac_cv_file_src_plugins_pdg=yes
ac_cv_file_src_plugins_postdominators=yes
ac_cv_file_src_plugins_print_api=yes
ac_cv_file_src_plugins_qed=yes
ac_cv_file_src_plugins_report_Makefile_in=yes
ac_cv_file_src_plugins_rte=yes
ac_cv_file_src_plugins_scope=yes
ac_cv_file_src_plugins_security_slicing_Makefile_in=yes
ac_cv_file_src_plugins_slicing=yes
ac_cv_file_src_plugins_sparecode=yes
ac_cv_file_src_plugins_studia=yes
ac_cv_file_src_plugins_users=yes
ac_cv_file_src_plugins_value=yes
ac_cv_file_src_plugins_variadic_Makefile_in=yes
ac_cv_file_src_plugins_wp_Makefile_in=yes
ac_cv_header_assert_h=yes
ac_cv_header_float_h=yes
ac_cv_header_inttypes_h=yes
ac_cv_header_math_h=yes
ac_cv_header_memory_h=yes
ac_cv_header_signal_h=yes
ac_cv_header_stdc=yes
ac_cv_header_stdint_h=yes
ac_cv_header_stdlib_h=yes
ac_cv_header_string_h=yes
ac_cv_header_strings_h=yes
ac_cv_header_sys_stat_h=yes
ac_cv_header_sys_types_h=yes
ac_cv_header_unistd_h=yes
ac_cv_objext=o
ac_cv_path_EGREP='/bin/grep -E'
ac_cv_path_GREP=/bin/grep
ac_cv_prog_CPP='gcc -E'
ac_cv_prog_HAS_DOT=yes
ac_cv_prog_MAKE=make
ac_cv_prog_OCAMLC=ocamlc
ac_cv_prog_OCAMLCP=ocamlcp
ac_cv_prog_OCAMLDEP=ocamldep
ac_cv_prog_OCAMLDOC=ocamldoc
ac_cv_prog_OCAMLFIND=ocamlfind
ac_cv_prog_OCAMLLEX=ocamllex
ac_cv_prog_OCAMLLEXDOTOPT=ocamllex.opt
ac_cv_prog_OCAMLMKTOP=ocamlmktop
ac_cv_prog_OCAMLOPT=ocamlopt
ac_cv_prog_OCAMLYACC=ocamlyacc
ac_cv_prog_UNAME=uname
ac_cv_prog_ac_ct_CC=gcc
ac_cv_prog_cc_c89=
ac_cv_prog_cc_g=yes

## ----------------- ##
## Output variables. ##
## ----------------- ##

CC='gcc'
CFLAGS='-g -O2'
COQC=''
CPP='gcc -E'
CPPFLAGS='-C -I.'
CYCLES_PER_USEC=''
CYGPATH=''
DEFAULT_CPP_KEEP_COMMENTS='true'
DEFAULT_CPP_SUPPORTED_ARCH_OPTS='\"-m32\"; \"-m64\"; \"-m16\"; '
DEFS='-DHAVE_CONFIG_H'
DEVELOPMENT='no'
DOT='dot'
DOXYGEN=''
ECHO_C=''
ECHO_N='-n'
ECHO_T=''
EGREP='/bin/grep -E'
ENABLE_AORAI='no'
ENABLE_CALLGRAPH='no'
ENABLE_E_ACSL='no'
ENABLE_FROM_ANALYSIS='no'
ENABLE_GUI='no'
ENABLE_IMPACT='no'
ENABLE_INOUT='no'
ENABLE_LOOP_ANALYSIS='no'
ENABLE_METRICS='no'
ENABLE_NONTERM='no'
ENABLE_OBFUSCATOR='no'
ENABLE_OCCURRENCE='no'
ENABLE_PDG='no'
ENABLE_POSTDOMINATORS='no'
ENABLE_PRINT_API='no'
ENABLE_QED='no'
ENABLE_REPORT='no'
ENABLE_RTEGEN='no'
ENABLE_SCOPE='no'
ENABLE_SECURITY_SLICING='no'
ENABLE_SEMANTIC_CONSTANT_FOLDING='no'
ENABLE_SLICING='no'
ENABLE_SPARECODE='no'
ENABLE_STUDIA='no'
ENABLE_USERS='no'
ENABLE_VALUE_ANALYSIS='no'
ENABLE_VARIADIC='no'
ENABLE_WP='no'
EXE=''
EXEEXT=''
EXTERNAL_PLUGINS=' '
FRAMAC_DEFAULT_CPP='gcc -E -C -I.'
FRAMAC_DEFAULT_CPP_ARGS='-C -I.'
FRAMAC_GNU_CPP='true'
FRAMAC_VERSION='Chlorine-20180502'
GNOMECANVAS=''
GREP='/bin/grep'
GTKSOURCEVIEW=''
HAS_APRON='no'
HAS_DOT='yes'
HAS_GNOMECANVAS='no'
HAS_GTKSOURCEVIEW='no'
HAS_LABLGTK='no'
HAS_LANDMARKS='no'
HAS_LTLTOBA=''
HAS_NATIVE_THREADS='yes'
HAS_YOJSON='no'
HAVE_BUILTIN_VA_LIST=''
HAVE_DOT=''
HAVE_PTRDIFF_H=''
HAVE_STDLIB_H=''
HAVE_WCHAR_H=''
LABLGTK=''
LABLGTK_PATH='+lablgtk2'
LDFLAGS=''
LIBOBJS=''
LIBS=''
LOCAL_MACHDEP='no'
LTLIBOBJS=''
LTLTOBA='ltl2ba'
MAKE='make'
MAY_RUN_TESTS=''
OBJEXT='o'
OCAMLBEST='opt'
OCAMLC='ocamlfind ocamlc'
OCAMLCP='ocamlfind ocamlcp'
OCAMLDEP='ocamlfind ocamldep'
OCAMLDOC='ocamlfind ocamldoc'
OCAMLFIND='ocamlfind'
OCAMLLEX='ocamllex.opt'
OCAMLLEXDOTOPT='ocamllex.opt'
OCAMLLIB='/root/.opam/default/lib/ocaml'
OCAMLMKTOP='ocamlfind ocamlmktop'
OCAMLOPT='ocamlfind ocamlopt'
OCAMLVERSION='4.07.0'
OCAMLWIN32='no'
OCAMLYACC='ocamlyacc'
OCAML_ANNOT_OPTION='-bin-annot'
OPTIMIZED_RTL=''
OTAGS=''
PACKAGE_BUGREPORT=''
PACKAGE_NAME=''
PACKAGE_STRING=''
PACKAGE_TARNAME=''
PACKAGE_URL=''
PACKAGE_VERSION=''
PATH_SEPARATOR=':'
PTESTSBEST='opt'
SHELL='/bin/bash'
SPLIT_ON_CHAR='String.split_on_char'
STACK_FOLD='Stack.fold'
THREAD_IS_KEYWORD=''
UNAME='uname'
UNDERSCORE_NAME=''
VERBOSEMAKE='no'
WHY3COQC=''
ac_ct_CC='gcc'
bindir='${exec_prefix}/bin'
build_alias=''
datadir='${datarootdir}'
datarootdir='${prefix}/share'
docdir='${datarootdir}/doc/${PACKAGE}'
dvidir='${docdir}'
exec_prefix='${prefix}'
host_alias=''
htmldir='${docdir}'
includedir='${prefix}/include'
infodir='${datarootdir}/info'
libdir='${exec_prefix}/lib'
libexecdir='${exec_prefix}/libexec'
localedir='${datarootdir}/locale'
localstatedir='${prefix}/var'
mandir='${datarootdir}/man'
oldincludedir='/usr/include'
pdfdir='${docdir}'
prefix='/root/.opam/default'
program_transform_name='s,x,x,'
psdir='${docdir}'
sbindir='${exec_prefix}/sbin'
sharedstatedir='${prefix}/com'
sysconfdir='${prefix}/etc'
target_alias=''

## ----------- ##
## confdefs.h. ##
## ----------- ##

/* confdefs.h */
#define PACKAGE_NAME ""
#define PACKAGE_TARNAME ""
#define PACKAGE_VERSION ""
#define PACKAGE_STRING ""
#define PACKAGE_BUGREPORT ""
#define PACKAGE_URL ""
#define STDC_HEADERS 1
#define HAVE_SYS_TYPES_H 1
#define HAVE_SYS_STAT_H 1
#define HAVE_STDLIB_H 1
#define HAVE_STRING_H 1
#define HAVE_MEMORY_H 1
#define HAVE_STRINGS_H 1
#define HAVE_INTTYPES_H 1
#define HAVE_STDINT_H 1
#define HAVE_UNISTD_H 1
#define HAVE_STDLIB_H 1
#define HAVE_ASSERT_H 1
#define HAVE_FLOAT_H 1
#define HAVE_MATH_H 1
#define HAVE_SIGNAL_H 1
#define HAVE_UNISTD_H 1

configure: exit 0
